Heap:
 PSYoungGen      total 103936K, used 83870K [0x000000076ab00000, 0x0000000773000000, 0x00000007c0000000)
  eden space 74752K, 86% used [0x000000076ab00000,0x000000076e9e3380,0x000000076f400000)
  from space 29184K, 66% used [0x0000000771380000,0x0000000772684538,0x0000000773000000)
  to   space 30720K, 0% used [0x000000076f400000,0x000000076f400000,0x0000000771200000)
 ParOldGen       total 108544K, used 32514K [0x00000006c0000000, 0x00000006c6a00000, 0x000000076ab00000)
  object space 108544K, 29% used [0x00000006c0000000,0x00000006c1fc0a98,0x00000006c6a00000)
 Metaspace       used 82372K, capacity 90142K, committed 90264K, reserved 1126400K
  class space    used 10131K, capacity 12439K, committed 12464K, reserved 1048576K
GC Heap History (10 events):
Event: 38.315 GC heap before
{Heap before GC invocations=17 (full 3):
 PSYoungGen      total 91648K, used 91644K [0x000000076ab00000, 0x0000000772c80000, 0x00000007c0000000)
  eden space 70144K, 100% used [0x000000076ab00000,0x000000076ef80000,0x000000076ef80000)
  from space 21504K, 99% used [0x000000076ef80000,0x000000077047f0b8,0x0000000770480000)
  to   space 25088K, 0% used [0x0000000771400000,0x0000000771400000,0x0000000772c80000)
 ParOldGen       total 108544K, used 32482K [0x00000006c0000000, 0x00000006c6a00000, 0x000000076ab00000)
  object space 108544K, 29% used [0x00000006c0000000,0x00000006c1fb8a98,0x00000006c6a00000)
 Metaspace       used 80569K, capacity 88116K, committed 88216K, reserved 1124352K
  class space    used 10093K, capacity 12396K, committed 12464K, reserved 1048576K
Event: 38.333 GC heap after
Heap after GC invocations=17 (full 3):
 PSYoungGen      total 105472K, used 21812K [0x000000076ab00000, 0x0000000772e80000, 0x00000007c0000000)
  eden space 80384K, 0% used [0x000000076ab00000,0x000000076ab00000,0x000000076f980000)
  from space 25088K, 86% used [0x0000000771400000,0x000000077294d090,0x0000000772c80000)
  to   space 27136K, 0% used [0x000000076f980000,0x000000076f980000,0x0000000771400000)
 ParOldGen       total 108544K, used 32490K [0x00000006c0000000, 0x00000006c6a00000, 0x000000076ab00000)
  object space 108544K, 29% used [0x00000006c0000000,0x00000006c1fbaa98,0x00000006c6a00000)
 Metaspace       used 80569K, capacity 88116K, committed 88216K, reserved 1124352K
  class space    used 10093K, capacity 12396K, committed 12464K, reserved 1048576K
}
Event: 619.286 GC heap before
{Heap before GC invocations=18 (full 3):
 PSYoungGen      total 105472K, used 102196K [0x000000076ab00000, 0x0000000772e80000, 0x00000007c0000000)
  eden space 80384K, 100% used [0x000000076ab00000,0x000000076f980000,0x000000076f980000)
  from space 25088K, 86% used [0x0000000771400000,0x000000077294d090,0x0000000772c80000)
  to   space 27136K, 0% used [0x000000076f980000,0x000000076f980000,0x0000000771400000)
 ParOldGen       total 108544K, used 32490K [0x00000006c0000000, 0x00000006c6a00000, 0x000000076ab00000)
  object space 108544K, 29% used [0x00000006c0000000,0x00000006c1fbaa98,0x00000006c6a00000)
 Metaspace       used 81607K, capacity 89204K, committed 89240K, reserved 1126400K
  class space    used 10126K, capacity 12432K, committed 12464K, reserved 1048576K
Event: 619.296 GC heap after
Heap after GC invocations=18 (full 3):
 PSYoungGen      total 107520K, used 20176K [0x000000076ab00000, 0x0000000773980000, 0x00000007c0000000)
  eden space 80384K, 0% used [0x000000076ab00000,0x000000076ab00000,0x000000076f980000)
  from space 27136K, 74% used [0x000000076f980000,0x0000000770d341c8,0x0000000771400000)
  to   space 28160K, 0% used [0x0000000771e00000,0x0000000771e00000,0x0000000773980000)
 ParOldGen       total 108544K, used 32498K [0x00000006c0000000, 0x00000006c6a00000, 0x000000076ab00000)
  object space 108544K, 29% used [0x00000006c0000000,0x00000006c1fbca98,0x00000006c6a00000)
 Metaspace       used 81607K, capacity 89204K, committed 89240K, reserved 1126400K
  class space    used 10126K, capacity 12432K, committed 12464K, reserved 1048576K
}
Event: 2403.167 GC heap before
{Heap before GC invocations=19 (full 3):
 PSYoungGen      total 107520K, used 100560K [0x000000076ab00000, 0x0000000773980000, 0x00000007c0000000)
  eden space 80384K, 100% used [0x000000076ab00000,0x000000076f980000,0x000000076f980000)
  from space 27136K, 74% used [0x000000076f980000,0x0000000770d341c8,0x0000000771400000)
  to   space 28160K, 0% used [0x0000000771e00000,0x0000000771e00000,0x0000000773980000)
 ParOldGen       total 108544K, used 32498K [0x00000006c0000000, 0x00000006c6a00000, 0x000000076ab00000)
  object space 108544K, 29% used [0x00000006c0000000,0x00000006c1fbca98,0x00000006c6a00000)
 Metaspace       used 81864K, capacity 89338K, committed 89496K, reserved 1126400K
  class space    used 10127K, capacity 12433K, committed 12464K, reserved 1048576K
Event: 2403.269 GC heap after
Heap after GC invocations=19 (full 3):
 PSYoungGen      total 100352K, used 21969K [0x000000076ab00000, 0x0000000773380000, 0x00000007c0000000)
  eden space 78336K, 0% used [0x000000076ab00000,0x000000076ab00000,0x000000076f780000)
  from space 22016K, 99% used [0x0000000771e00000,0x0000000773374698,0x0000000773380000)
  to   space 29696K, 0% used [0x000000076f980000,0x000000076f980000,0x0000000771680000)
 ParOldGen       total 108544K, used 32506K [0x00000006c0000000, 0x00000006c6a00000, 0x000000076ab00000)
  object space 108544K, 29% used [0x00000006c0000000,0x00000006c1fbea98,0x00000006c6a00000)
 Metaspace       used 81864K, capacity 89338K, committed 89496K, reserved 1126400K
  class space    used 10127K, capacity 12433K, committed 12464K, reserved 1048576K
}
Event: 4429.384 GC heap before
{Heap before GC invocations=20 (full 3):
 PSYoungGen      total 100352K, used 100305K [0x000000076ab00000, 0x0000000773380000, 0x00000007c0000000)
  eden space 78336K, 100% used [0x000000076ab00000,0x000000076f780000,0x000000076f780000)
  from space 22016K, 99% used [0x0000000771e00000,0x0000000773374698,0x0000000773380000)
  to   space 29696K, 0% used [0x000000076f980000,0x000000076f980000,0x0000000771680000)
 ParOldGen       total 108544K, used 32506K [0x00000006c0000000, 0x00000006c6a00000, 0x000000076ab00000)
  object space 108544K, 29% used [0x00000006c0000000,0x00000006c1fbea98,0x00000006c6a00000)
 Metaspace       used 81939K, capacity 89472K, committed 89752K, reserved 1126400K
  class space    used 10127K, capacity 12434K, committed 12464K, reserved 1048576K
Event: 4429.402 GC heap after
Heap after GC invocations=20 (full 3):
 PSYoungGen      total 97792K, used 21417K [0x000000076ab00000, 0x0000000773180000, 0x00000007c0000000)
  eden space 76288K, 0% used [0x000000076ab00000,0x000000076ab00000,0x000000076f580000)
  from space 21504K, 99% used [0x000000076f980000,0x0000000770e6a570,0x0000000770e80000)
  to   space 30720K, 0% used [0x0000000771380000,0x0000000771380000,0x0000000773180000)
 ParOldGen       total 108544K, used 32514K [0x00000006c0000000, 0x00000006c6a00000, 0x000000076ab00000)
  object space 108544K, 29% used [0x00000006c0000000,0x00000006c1fc0a98,0x00000006c6a00000)
 Metaspace       used 81939K, capacity 89472K, committed 89752K, reserved 1126400K
  class space    used 10127K, capacity 12434K, committed 12464K, reserved 1048576K
}
Event: 6324.270 GC heap before
{Heap before GC invocations=21 (full 3):
 PSYoungGen      total 97792K, used 97705K [0x000000076ab00000, 0x0000000773180000, 0x00000007c0000000)
  eden space 76288K, 100% used [0x000000076ab00000,0x000000076f580000,0x000000076f580000)
  from space 21504K, 99% used [0x000000076f980000,0x0000000770e6a570,0x0000000770e80000)
  to   space 30720K, 0% used [0x0000000771380000,0x0000000771380000,0x0000000773180000)
 ParOldGen       total 108544K, used 32514K [0x00000006c0000000, 0x00000006c6a00000, 0x000000076ab00000)
  object space 108544K, 29% used [0x00000006c0000000,0x00000006c1fc0a98,0x00000006c6a00000)
 Metaspace       used 81987K, capacity 89600K, committed 89752K, reserved 1126400K
  class space    used 10127K, capacity 12434K, committed 12464K, reserved 1048576K
Event: 6324.291 GC heap after
Heap after GC invocations=21 (full 3):
 PSYoungGen      total 103936K, used 19473K [0x000000076ab00000, 0x0000000773000000, 0x00000007c0000000)
  eden space 74752K, 0% used [0x000000076ab00000,0x000000076ab00000,0x000000076f400000)
  from space 29184K, 66% used [0x0000000771380000,0x0000000772684538,0x0000000773000000)
  to   space 30720K, 0% used [0x000000076f400000,0x000000076f400000,0x0000000771200000)
 ParOldGen       total 108544K, used 32514K [0x00000006c0000000, 0x00000006c6a00000, 0x000000076ab00000)
  object space 108544K, 29% used [0x00000006c0000000,0x00000006c1fc0a98,0x00000006c6a00000)
 Metaspace       used 81987K, capacity 89600K, committed 89752K, reserved 1126400K
  class space    used 10127K, capacity 12434K, committed 12464K, reserved 1048576K
}

